<?xml version="1.0" encoding="UTF-8"?>
<!-- Generated by org.testng.reporters.JUnitXMLReporter -->
<testsuite hostname="DESKTOP-AFCIR4M" ignored="0" name="FirstTest" tests="1" failures="1" timestamp="20 Aug 2020 08:11:38 GMT" time="47.376" errors="0">
  <testcase name="loginTest" time="47.114" classname="gitTest.GitTest">
    <failure type="org.openqa.selenium.StaleElementReferenceException" message="Element belongs to a different frame than the current one - switch to its containing frame to use it
Command duration or timeout: 113 milliseconds
For documentation on this error, please visit: http://seleniumhq.org/exceptions/stale_element_reference.html
Build info: version: &amp;apos;2.53.1&amp;apos;, revision: &amp;apos;a36b8b1cd5757287168e54b817830adce9b0158d&amp;apos;, time: &amp;apos;2016-06-30 19:26:09&amp;apos;
System info: host: &amp;apos;DESKTOP-AFCIR4M&amp;apos;, ip: &amp;apos;192.168.1.5&amp;apos;, os.name: &amp;apos;Windows 10&amp;apos;, os.arch: &amp;apos;amd64&amp;apos;, os.version: &amp;apos;10.0&amp;apos;, java.version: &amp;apos;1.8.0_191&amp;apos;
Driver info: org.openqa.selenium.firefox.FirefoxDriver
Capabilities [{applicationCacheEnabled=true, rotatable=false, handlesAlerts=true, databaseEnabled=true, version=47.0.2, platform=WINDOWS, nativeEvents=false, acceptSslCerts=true, webStorageEnabled=true, locationContextEnabled=true, browserName=firefox, takesScreenshot=true, javascriptEnabled=true, cssSelectorsEnabled=true}]
Session ID: b8edd8af-c2c1-4b12-ae82-5613bf5ea69d">
      <![CDATA[org.openqa.selenium.StaleElementReferenceException: Element belongs to a different frame than the current one - switch to its containing frame to use itCommand duration or timeout: 113 millisecondsFor documentation on this error, please visit: http://seleniumhq.org/exceptions/stale_element_reference.htmlBuild info: version: '2.53.1', revision: 'a36b8b1cd5757287168e54b817830adce9b0158d', time: '2016-06-30 19:26:09'System info: host: 'DESKTOP-AFCIR4M', ip: '192.168.1.5', os.name: 'Windows 10', os.arch: 'amd64', os.version: '10.0', java.version: '1.8.0_191'Driver info: org.openqa.selenium.firefox.FirefoxDriverCapabilities [{applicationCacheEnabled=true, rotatable=false, handlesAlerts=true, databaseEnabled=true, version=47.0.2, platform=WINDOWS, nativeEvents=false, acceptSslCerts=true, webStorageEnabled=true, locationContextEnabled=true, browserName=firefox, takesScreenshot=true, javascriptEnabled=true, cssSelectorsEnabled=true}]Session ID: b8edd8af-c2c1-4b12-ae82-5613bf5ea69dat org.openqa.selenium.remote.ErrorHandler.createThrowable(ErrorHandler.java:206)at org.openqa.selenium.remote.ErrorHandler.throwIfResponseFailed(ErrorHandler.java:158)at org.openqa.selenium.remote.RemoteWebDriver.execute(RemoteWebDriver.java:678)at org.openqa.selenium.remote.RemoteWebElement.execute(RemoteWebElement.java:327)at org.openqa.selenium.remote.RemoteWebElement.sendKeys(RemoteWebElement.java:122)at gitTest.GitTest.loginTest(GitTest.java:24)Caused by: org.openqa.selenium.StaleElementReferenceException: Element belongs to a different frame than the current one - switch to its containing frame to use itFor documentation on this error, please visit: http://seleniumhq.org/exceptions/stale_element_reference.htmlBuild info: version: '2.53.1', revision: 'a36b8b1cd5757287168e54b817830adce9b0158d', time: '2016-06-30 19:26:09'System info: host: 'DESKTOP-AFCIR4M', ip: '192.168.1.5', os.name: 'Windows 10', os.arch: 'amd64', os.version: '10.0', java.version: '1.8.0_191'Driver info: driver.version: unknownat <anonymous class>.fxdriver.cache.getElementAt(resource://fxdriver/modules/web-element-cache.js:9460)at <anonymous class>.Utils.getElementAt(file:///C:/Users/lenovo/AppData/Local/Temp/anonymous1925904822033178809webdriver-profile/extensions/fxdriver@googlecode.com/components/command-processor.js:9039)at <anonymous class>.fxdriver.preconditions.visible(file:///C:/Users/lenovo/AppData/Local/Temp/anonymous1925904822033178809webdriver-profile/extensions/fxdriver@googlecode.com/components/command-processor.js:10090)at <anonymous class>.DelayedCommand.prototype.checkPreconditions_(file:///C:/Users/lenovo/AppData/Local/Temp/anonymous1925904822033178809webdriver-profile/extensions/fxdriver@googlecode.com/components/command-processor.js:12644)at <anonymous class>.DelayedCommand.prototype.executeInternal_/h(file:///C:/Users/lenovo/AppData/Local/Temp/anonymous1925904822033178809webdriver-profile/extensions/fxdriver@googlecode.com/components/command-processor.js:12661)at <anonymous class>.DelayedCommand.prototype.executeInternal_(file:///C:/Users/lenovo/AppData/Local/Temp/anonymous1925904822033178809webdriver-profile/extensions/fxdriver@googlecode.com/components/command-processor.js:12666)at <anonymous class>.DelayedCommand.prototype.execute/<(file:///C:/Users/lenovo/AppData/Local/Temp/anonymous1925904822033178809webdriver-profile/extensions/fxdriver@googlecode.com/components/command-processor.js:12608)... Removed 32 stack frames]]>
    </failure>
  </testcase> <!-- loginTest -->
</testsuite> <!-- FirstTest -->
