<?xml version="1.0" encoding="UTF-8"?>
<!-- Generated by org.testng.reporters.JUnitXMLReporter -->
<testsuite hostname="DESKTOP-AFCIR4M" ignored="0" name="SecondTest" tests="1" failures="1" timestamp="20 Aug 2020 08:12:39 GMT" time="60.433" errors="0">
  <testcase name="loginTest" time="60.329" classname="gitTest2.GitTest2">
    <failure type="java.lang.ArithmeticException" message="/ by zero">
      <![CDATA[java.lang.ArithmeticException: / by zeroat gitTest2.GitTest2.loginTest(GitTest2.java:29)... Removed 28 stack frames]]>
    </failure>
  </testcase> <!-- loginTest -->
</testsuite> <!-- SecondTest -->
