<?xml version="1.0" encoding="UTF-8"?>
<testng-results skipped="0" failed="0" total="1" passed="1">
  <reporter-output>
  </reporter-output>
  <suite name="Default suite" duration-ms="48147" started-at="2020-08-20T07:39:47Z" finished-at="2020-08-20T07:40:35Z">
    <groups>
    </groups>
    <test name="Default test" duration-ms="48147" started-at="2020-08-20T07:39:47Z" finished-at="2020-08-20T07:40:35Z">
      <class name="gitTest2.GitTest2">
        <test-method status="PASS" signature="loginTest()[pri:0, instance:gitTest2.GitTest2@1fbc7afb]" name="loginTest" duration-ms="48046" started-at="2020-08-20T13:09:47Z" finished-at="2020-08-20T13:10:35Z">
          <reporter-output>
          </reporter-output>
        </test-method> <!-- loginTest -->
      </class> <!-- gitTest2.GitTest2 -->
    </test> <!-- Default test -->
  </suite> <!-- Default suite -->
</testng-results>
